<?xml version="1.0" encoding="UTF-8"?>
<!-- Generated by org.testng.reporters.JUnitXMLReporter -->
<testsuite ignored="3" hostname="DESKTOP-HCMJITA" failures="0" tests="1" name="Default test" time="25.733" errors="0" timestamp="2021-11-23T08:39:15 IST">
  <testcase classname="com.qa.opencart.test.logintest" name="loginPageTitleTest" time="0.189"/>
  <testcase classname="com.qa.opencart.test.logintest" name="LoginAppTest" time="0.0">
    <ignored/>
  </testcase> <!-- LoginAppTest -->
  <testcase classname="com.qa.opencart.test.logintest" name="forgottenpswdLinkTest" time="0.0">
    <ignored/>
  </testcase> <!-- forgottenpswdLinkTest -->
  <testcase classname="com.qa.opencart.test.logintest" name="loginLinkTest" time="0.0">
    <ignored/>
  </testcase> <!-- loginLinkTest -->
</testsuite> <!-- Default test -->
