<?xml version="1.0" encoding="UTF-8"?>
<testng-results ignored="3" total="4" passed="1" failed="0" skipped="0">
  <reporter-output>
  </reporter-output>
  <suite started-at="2021-11-23T08:38:49 IST" name="Default suite" finished-at="2021-11-23T08:39:15 IST" duration-ms="25733">
    <groups>
    </groups>
    <test started-at="2021-11-23T08:38:49 IST" name="Default test" finished-at="2021-11-23T08:39:15 IST" duration-ms="25733">
      <class name="com.qa.opencart.test.logintest">
        <test-method is-config="true" signature="setup()[pri:0, instance:com.qa.opencart.test.logintest@3d5c822d]" started-at="2021-11-23T08:38:49 IST" name="setup" finished-at="2021-11-23T08:39:13 IST" duration-ms="23748" status="PASS">
          <reporter-output>
          </reporter-output>
        </test-method> <!-- setup -->
        <test-method signature="loginPageTitleTest()[pri:0, instance:com.qa.opencart.test.logintest@3d5c822d]" started-at="2021-11-23T08:39:13 IST" name="loginPageTitleTest" finished-at="2021-11-23T08:39:13 IST" duration-ms="189" status="PASS">
          <reporter-output>
          </reporter-output>
        </test-method> <!-- loginPageTitleTest -->
        <test-method is-config="true" signature="tearDown()[pri:0, instance:com.qa.opencart.test.logintest@3d5c822d]" started-at="2021-11-23T08:39:13 IST" name="tearDown" finished-at="2021-11-23T08:39:15 IST" duration-ms="1678" status="PASS">
          <reporter-output>
          </reporter-output>
        </test-method> <!-- tearDown -->
      </class> <!-- com.qa.opencart.test.logintest -->
    </test> <!-- Default test -->
  </suite> <!-- Default suite -->
</testng-results>
